Dec 18, 2021 01:52:52.283 [0x7f9570188b38] INFO - Plex Tuner Service v1.0.0.0 - Docker Docker Container (LinuxServer.io) x86_64 - build: 
Dec 18, 2021 01:52:52.284 [0x7f9570188b38] INFO - Linux version: 5.10.60.1-microsoft-standard-WSL2 (#1 SMP Wed Aug 25 23:20:18 UTC 2021), language: en-US
Dec 18, 2021 01:52:52.284 [0x7f9570188b38] INFO - Processor Intel(R) Core(TM) i3-4160 CPU @ 3.60GHz
Dec 18, 2021 01:52:52.285 [0x7f9570188b38] INFO - /usr/lib/plexmediaserver/Plex Tuner Service /usr/lib/plexmediaserver/Resources/Tuner/Private /usr/lib/plexmediaserver/Resources/Tuner/Shared 1.25.2.5319-c43dc0277 32600
Dec 18, 2021 01:52:52.255 [0x7f9571c31848] INFO - [I] broker_t::start...
Dec 18, 2021 01:52:52.260 [0x7f9571c31848] INFO - [I] device_manager_t::init.
Dec 18, 2021 01:52:52.260 [0x7f9571c31848] INFO - [I] device_manager_t::init. Initialize provider manager
Dec 18, 2021 01:52:52.260 [0x7f9571c31848] INFO - [I] device_manager_t::init. Initialize all device auxes
Dec 18, 2021 01:52:52.260 [0x7f9571c31848] INFO - [I] dvb_device_factory_t::get_aux_list
Dec 18, 2021 01:52:52.260 [0x7f9571c31848] INFO - [I] tvbutler_aux_t::init
Dec 18, 2021 01:52:52.263 [0x7f9571c31848] INFO - [I] web_server_t::start. Starting web server on port 32600
Dec 18, 2021 01:53:00.286 [0x7f956ff36b38] INFO - [I] web_service_t::process_device_discovery
Dec 18, 2021 01:53:00.286 [0x7f956ff36b38] INFO - [I] device_reactor_t::get_device_list ()
Dec 18, 2021 01:53:02.292 [0x7f956ff36b38] INFO - [I] SAT2IP - discover_satip_servers(): no servers found
Dec 18, 2021 01:53:02.714 [0x7f956ff36b38] INFO - [I] v4l::DeviceGetList_impl. getting v4l device list
Dec 18, 2021 01:53:02.721 [0x7f956ff36b38] INFO - [I] onetv_factory::DeviceGetListEx >>
Dec 18, 2021 01:53:02.722 [0x7f956ff36b38] WARN - [W] onetv_factory::DeviceGetListEx. libusb_init returned an error -99
Dec 18, 2021 01:53:39.606 [0x7f9571c31848] INFO - Received SIGINT: Interrupt from keyboard.
Dec 18, 2021 01:53:39.654 [0x7f9571c31848] INFO - [I] device_manager_t::term
Dec 18, 2021 01:53:39.654 [0x7f9571c31848] INFO - [I] device_manager_t::term. Stop all devices
Dec 18, 2021 01:53:39.654 [0x7f9571c31848] INFO - [I] device_manager_t::term. Shut down all device auxes
Dec 18, 2021 01:53:39.654 [0x7f9571c31848] INFO - [I] tvbutler_aux_t::term
