Dec 18, 2021 04:09:54.916 [0x7f6b11948b38] INFO - Plex Tuner Service v1.0.0.0 - Docker Docker Container (LinuxServer.io) x86_64 - build: 
Dec 18, 2021 04:09:54.917 [0x7f6b11948b38] INFO - Linux version: 5.10.60.1-microsoft-standard-WSL2 (#1 SMP Wed Aug 25 23:20:18 UTC 2021), language: en-US
Dec 18, 2021 04:09:54.918 [0x7f6b11948b38] INFO - Processor Intel(R) Core(TM) i3-4160 CPU @ 3.60GHz
Dec 18, 2021 04:09:54.918 [0x7f6b11948b38] INFO - /usr/lib/plexmediaserver/Plex Tuner Service /usr/lib/plexmediaserver/Resources/Tuner/Private /usr/lib/plexmediaserver/Resources/Tuner/Shared 1.25.2.5319-c43dc0277 32600
Dec 18, 2021 04:09:54.814 [0x7f6b133f1848] INFO - [I] broker_t::start...
Dec 18, 2021 04:09:54.845 [0x7f6b133f1848] INFO - [I] device_manager_t::init.
Dec 18, 2021 04:09:54.845 [0x7f6b133f1848] INFO - [I] device_manager_t::init. Initialize provider manager
Dec 18, 2021 04:09:54.845 [0x7f6b133f1848] INFO - [I] device_manager_t::init. Initialize all device auxes
Dec 18, 2021 04:09:54.845 [0x7f6b133f1848] INFO - [I] dvb_device_factory_t::get_aux_list
Dec 18, 2021 04:09:54.846 [0x7f6b133f1848] INFO - [I] tvbutler_aux_t::init
Dec 18, 2021 04:09:54.855 [0x7f6b133f1848] INFO - [I] web_server_t::start. Starting web server on port 32600
Dec 18, 2021 04:10:02.267 [0x7f6b10fceb38] INFO - [I] web_service_t::process_device_discovery
Dec 18, 2021 04:10:02.267 [0x7f6b10fceb38] INFO - [I] device_reactor_t::get_device_list ()
Dec 18, 2021 04:10:04.273 [0x7f6b10fceb38] INFO - [I] SAT2IP - discover_satip_servers(): no servers found
Dec 18, 2021 04:10:04.692 [0x7f6b10fceb38] INFO - [I] v4l::DeviceGetList_impl. getting v4l device list
Dec 18, 2021 04:10:04.694 [0x7f6b10fceb38] INFO - [I] onetv_factory::DeviceGetListEx >>
Dec 18, 2021 04:10:04.695 [0x7f6b10fceb38] WARN - [W] onetv_factory::DeviceGetListEx. libusb_init returned an error -99
Dec 18, 2021 04:13:10.621 [0x7f6b133f1848] INFO - Received SIGINT: Interrupt from keyboard.
Dec 18, 2021 04:13:10.658 [0x7f6b133f1848] INFO - [I] device_manager_t::term
Dec 18, 2021 04:13:10.658 [0x7f6b133f1848] INFO - [I] device_manager_t::term. Stop all devices
Dec 18, 2021 04:13:10.658 [0x7f6b133f1848] INFO - [I] device_manager_t::term. Shut down all device auxes
Dec 18, 2021 04:13:10.659 [0x7f6b133f1848] INFO - [I] tvbutler_aux_t::term
Dec 18, 2021 04:13:10.660 [0x7f6b133f1848] INFO - [I] web_server_t::stop. Web server is stopped
Dec 18, 2021 04:13:10.660 [0x7f6b133f1848] INFO - [I] device_manager_t::term
Dec 18, 2021 04:13:10.660 [0x7f6b133f1848] INFO - [I] device_manager_t::term. Stop all devices
