2021-12-18 04:09:53,365 (7f3090077848) :  INFO (core:349) - Starting framework core - Version: 2.6.3, Build: c43dc02 (Wed Dec 08 14:16:51 UTC 2021)
2021-12-18 04:09:53,367 (7f3090077848) :  DEBUG (core:361) - Using the elevated policy
2021-12-18 04:09:53,368 (7f3090077848) :  DEBUG (core:365) - Extending whitelist: ['cgi', 'tempfile']
2021-12-18 04:09:53,368 (7f3090077848) :  DEBUG (core:450) - Starting runtime component.
2021-12-18 04:09:53,371 (7f3090077848) :  DEBUG (core:450) - Starting caching component.
2021-12-18 04:09:53,372 (7f3090077848) :  DEBUG (core:450) - Starting data component.
2021-12-18 04:09:53,373 (7f3090077848) :  DEBUG (core:450) - Starting networking component.
2021-12-18 04:09:53,383 (7f3090077848) :  DEBUG (networking:261) - Loaded HTTP cookies
2021-12-18 04:09:53,397 (7f3090077848) :  DEBUG (networking:428) - Setting the default network timeout to 20.0
2021-12-18 04:09:53,398 (7f3090077848) :  DEBUG (core:450) - Starting localization component.
2021-12-18 04:09:53,398 (7f3090077848) :  INFO (localization:409) - Setting the default locale to en-us
2021-12-18 04:09:53,399 (7f3090077848) :  WARNING (data:179) - Error decoding with simplejson, using demjson instead (this will cause a performance hit) - Expecting property name enclosed in double quotes: line 26 column 1 (char 1078)
2021-12-18 04:09:53,402 (7f3090077848) :  DEBUG (localization:427) - Loaded en strings
2021-12-18 04:09:53,403 (7f3090077848) :  DEBUG (core:450) - Starting messaging component.
2021-12-18 04:09:53,403 (7f3090077848) :  DEBUG (core:450) - Starting debugging component.
2021-12-18 04:09:53,404 (7f3090077848) :  DEBUG (core:450) - Starting services component.
2021-12-18 04:09:53,404 (7f3090077848) :  DEBUG (core:450) - Starting myplex component.
2021-12-18 04:09:53,405 (7f3090077848) :  DEBUG (core:450) - Starting notifications component.
2021-12-18 04:09:53,577 (7f3090077848) :  DEBUG (accessor:68) - Creating a new model access point for provider com.plexapp.system in namespace 'metadata'
2021-12-18 04:09:53,589 (7f308ce06b38) :  DEBUG (services:265) - Plug-in is not daemonized - loading services from system
2021-12-18 04:09:53,590 (7f3090077848) :  DEBUG (runtime:1117) - Created a thread named 'load_all_services'
2021-12-18 04:09:53,592 (7f3090077848) :  DEBUG (runtime:1117) - Created a thread named 'get_server_info'
2021-12-18 04:09:53,595 (7f3090077848) :  DEBUG (core:150) - Finished starting framework core
2021-12-18 04:09:53,596 (7f3090077848) :  DEBUG (core:560) - Loading plug-in code
2021-12-18 04:09:53,603 (7f308ce06b38) :  DEBUG (networking:143) - Requesting 'http://127.0.0.1:32400/:/plugins/com.plexapp.system/messaging/function/X0J1bmRsZVNlcnZpY2U6QWxsU2VydmljZXM_/Y2VyZWFsMQoxCmxpc3QKMApyMAo_/Y2VyZWFsMQoxCmRpY3QKMApyMAo_'
2021-12-18 04:09:53,606 (7f308cdc0b38) :  DEBUG (networking:143) - Requesting 'http://127.0.0.1:32400'
2021-12-18 04:09:53,637 (7f3090077848) :  DEBUG (core:566) - Finished loading plug-in code
2021-12-18 04:09:53,637 (7f3090077848) :  DEBUG (runtime:640) - Adding a prefix handler for 'System' ('/system')
2021-12-18 04:09:54,440 (7f3090077848) :  INFO (__init__:35) - Starting System c43dc02 (Wed Dec 08 14:16:51 UTC 2021)
2021-12-18 04:09:54,441 (7f3090077848) :  DEBUG (runtime:640) - Adding a prefix handler for 'Player' ('/player')
2021-12-18 04:09:54,462 (7f3090077848) :  INFO (datakit:93) - Loaded the dictionary file
2021-12-18 04:09:54,463 (7f3090077848) :  DEBUG (agentservice:52) - Starting the agent service
2021-12-18 04:09:54,613 (7f3090077848) :  DEBUG (accessor:68) - Creating a new model access point for provider com.plexapp.system in namespace 'metadata'
2021-12-18 04:09:54,621 (7f3090077848) :  DEBUG (bundleservice:65) - Starting the bundle service
2021-12-18 04:09:54,621 (7f3090077848) :  DEBUG (runtime:1117) - Created a thread named 'start'
2021-12-18 04:09:54,622 (7f3090077848) :  DEBUG (playerservice:12) - Starting the player service
2021-12-18 04:09:54,623 (7f3090077848) :  DEBUG (flagservice:13) - Starting the media flag service
2021-12-18 04:09:54,624 (7f3090077848) :  DEBUG (runtime:1117) - Created a thread named 'start'
2021-12-18 04:09:54,625 (7f3090077848) :  DEBUG (peerservice:141) - Starting the peer service
2021-12-18 04:09:54,628 (7f308cb86b38) :  DEBUG (peerservice:164) - Fetching the current list of servers
2021-12-18 04:09:54,628 (7f3090077848) :  DEBUG (runtime:1117) - Created a thread named 'refresh_servers'
2021-12-18 04:09:54,628 (7f308cbccb38) :  DEBUG (runtime:1117) - Created a thread named 'ensure_agent_info_exists_inner'
2021-12-18 04:09:54,630 (7f3090077848) :  DEBUG (runtime:1150) - Scheduled a timed thread named 'refresh_servers'
2021-12-18 04:09:54,632 (7f3090077848) :  DEBUG (streamservice:18) - Starting the stream service
2021-12-18 04:09:54,633 (7f3090077848) :  CRITICAL (runtime:709) - Private handlers are no longer supported; couldn't register <bound method StreamService.token_handler of <streamservice.StreamService object at 0x7f308d233b50>>
2021-12-18 04:09:54,636 (7f3090077848) :  DEBUG (runtime:1150) - Scheduled a timed thread named 'invalidation_timer'
2021-12-18 04:09:54,637 (7f308cbccb38) :  DEBUG (runtime:1117) - Created a thread named 'ensure_agent_info_exists_inner'
2021-12-18 04:09:54,638 (7f3090077848) :  DEBUG (proxyservice:12) - Starting the proxy service
2021-12-18 04:09:54,644 (7f308cb86b38) :  DEBUG (networking:143) - Requesting 'http://127.0.0.1:32400/servers'
2021-12-18 04:09:54,646 (7f308cbccb38) :  DEBUG (runtime:1117) - Created a thread named 'ensure_agent_info_exists_inner'
2021-12-18 04:09:54,647 (7f3090077848) :  DEBUG (runtime:1117) - Created a thread named 'update_attribution_flags_inner'
2021-12-18 04:09:54,648 (7f3090077848) :  INFO (core:611) - Started plug-in
2021-12-18 04:09:54,650 (7f3090077848) :  DEBUG (socketinterface:160) - Starting socket server
2021-12-18 04:09:54,651 (7f308cbccb38) :  DEBUG (runtime:1117) - Created a thread named 'ensure_agent_info_exists_inner'
2021-12-18 04:09:54,653 (7f3090077848) :  DEBUG (runtime:1117) - Created a thread named 'start'
2021-12-18 04:09:54,654 (7f3090077848) :  INFO (socketinterface:184) - Socket server started on port 42593
2021-12-18 04:09:54,655 (7f3090077848) :  INFO (pipeinterface:25) - Entering run loop
2021-12-18 04:09:54,656 (7f3090077848) :  DEBUG (runtime:717) - Handling request GET /:/prefixes
2021-12-18 04:09:54,657 (7f308cbccb38) :  DEBUG (runtime:1117) - Created a thread named 'ensure_agent_info_exists_inner'
2021-12-18 04:09:54,662 (7f3090077848) :  DEBUG (runtime:814) - Found route matching /:/prefixes
2021-12-18 04:09:54,667 (7f3090077848) :  DEBUG (runtime:924) - Response: [200] MediaContainer, 486 bytes
2021-12-18 04:09:54,668 (7f308cbccb38) :  DEBUG (runtime:1117) - Created a thread named 'ensure_agent_info_exists_inner'
2021-12-18 04:09:54,671 (7f308cbccb38) :  DEBUG (runtime:1117) - Created a thread named 'ensure_agent_info_exists_inner'
2021-12-18 04:09:54,674 (7f308c42eb38) :  DEBUG (runtime:717) - Handling request GET /system/agents
2021-12-18 04:09:54,677 (7f308cbccb38) :  DEBUG (runtime:1117) - Created a thread named 'ensure_agent_info_exists_inner'
2021-12-18 04:09:54,690 (7f308cbccb38) :  DEBUG (runtime:1117) - Created a thread named 'ensure_agent_info_exists_inner'
2021-12-18 04:09:54,697 (7f308cbccb38) :  CRITICAL (storage:60) - Exception reading file /usr/lib/plexmediaserver/Resources/Plug-ins-c43dc0277/WebClient.bundle/Contents/Info.plist (most recent call last):
  File "/usr/lib/plexmediaserver/Resources/Plug-ins-c43dc0277/Framework.bundle/Contents/Resources/Versions/2/Python/Framework/components/storage.py", line 55, in load
    f = open(filename, mode)
IOError: [Errno 2] No such file or directory: '/usr/lib/plexmediaserver/Resources/Plug-ins-c43dc0277/WebClient.bundle/Contents/Info.plist'

2021-12-18 04:09:54,716 (7f308cbccb38) :  CRITICAL (bundleservice:141) - Exception adding bundle: WebClient.bundle (most recent call last):
  File "/usr/lib/plexmediaserver/Resources/Plug-ins-c43dc0277/System.bundle/Contents/Code/bundleservice.py", line 126, in update_bundles
    bundle = BundleInfo(self.system, path, plugin)
  File "/usr/lib/plexmediaserver/Resources/Plug-ins-c43dc0277/System.bundle/Contents/Code/bundleservice.py", line 18, in __init__
    self.load_plist()
  File "/usr/lib/plexmediaserver/Resources/Plug-ins-c43dc0277/System.bundle/Contents/Code/bundleservice.py", line 22, in load_plist
    plist = Plist.ObjectFromString(Core.storage.load(Core.storage.join_path(self.path, "Contents", "Info.plist")))
  File "/usr/lib/plexmediaserver/Resources/Plug-ins-c43dc0277/Framework.bundle/Contents/Resources/Versions/2/Python/Framework/api/parsekit.py", line 32, in ObjectFromString
    check_size(string, max_size)
  File "/usr/lib/plexmediaserver/Resources/Plug-ins-c43dc0277/Framework.bundle/Contents/Resources/Versions/2/Python/Framework/api/parsekit.py", line 22, in check_size
    if len(data) > max_size:
TypeError: object of type 'NoneType' has no len()

2021-12-18 04:09:54,732 (7f308c42eb38) :  DEBUG (runtime:814) - Found route matching /system/agents
2021-12-18 04:09:54,761 (7f308cbccb38) :  DEBUG (runtime:1117) - Created a thread named 'ensure_agent_info_exists_inner'
2021-12-18 04:09:54,776 (7f308cbccb38) :  DEBUG (runtime:1117) - Created a thread named 'ensure_agent_info_exists_inner'
2021-12-18 04:09:54,784 (7f308cbccb38) :  DEBUG (runtime:1117) - Created a thread named 'ensure_agent_info_exists_inner'
2021-12-18 04:09:54,791 (7f308cbccb38) :  INFO (bundleservice:131) - Found duplicate identifier at /usr/lib/plexmediaserver/Resources/Plug-ins-c43dc0277/TheTVDBv4.bundle for bundled plugin (com.plexapp.agents.thetvdb), ignoring duplicate plugin.
2021-12-18 04:09:54,796 (7f308cbccb38) :  DEBUG (runtime:1117) - Created a thread named 'ensure_agent_info_exists_inner'
2021-12-18 04:09:54,803 (7f308cbccb38) :  DEBUG (runtime:1117) - Created a thread named 'ensure_agent_info_exists_inner'
2021-12-18 04:09:54,809 (7f308cbccb38) :  DEBUG (runtime:1117) - Created a thread named 'ensure_agent_info_exists_inner'
2021-12-18 04:09:54,818 (7f308cbccb38) :  DEBUG (runtime:1117) - Created a thread named 'ensure_agent_info_exists_inner'
2021-12-18 04:09:54,849 (7f308c198b38) :  DEBUG (runtime:717) - Handling request GET /:/plugins/com.plexapp.system/messaging/function/X0J1bmRsZVNlcnZpY2U6QWxsU2VydmljZXM_/Y2VyZWFsMQoxCmxpc3QKMApyMAo_/Y2VyZWFsMQoxCmRpY3QKMApyMAo_
2021-12-18 04:09:54,850 (7f308cbccb38) :  DEBUG (runtime:1117) - Created a thread named 'ensure_agent_info_exists_inner'
2021-12-18 04:09:54,860 (7f308cdc0b38) :  DEBUG (core:538) - Machine identifier is 60630771a5d0018f3381e1622e019e58a1c14b9f
2021-12-18 04:09:54,871 (7f308cb86b38) :  DEBUG (peerservice:171) - Refreshing local server
2021-12-18 04:09:54,872 (7f308cbccb38) :  DEBUG (runtime:1117) - Created a thread named 'remove_unavailable_agents'
2021-12-18 04:09:54,880 (7f308cdc0b38) :  DEBUG (core:539) - Server version is 1.25.2.5319-c43dc0277
2021-12-18 04:09:54,885 (7f308cb86b38) :  DEBUG (peerservice:189) - Updating servers (True/False True/True/True)
2021-12-18 04:09:54,889 (7f308cbccb38) :  DEBUG (bundleservice:81) - Started the bundle service
2021-12-18 04:09:54,891 (7f308cb86b38) :  DEBUG (peerservice:198) - Found 1 servers
2021-12-18 04:09:54,907 (7f308cb86b38) :  DEBUG (peerservice:230) - Creating new server 7141c15ca3c5 (60630771a5d0018f3381e1622e019e58a1c14b9f)
2021-12-18 04:09:54,921 (7f308cba9b38) :  DEBUG (flagservice:46) - Started the media flag service
2021-12-18 04:09:54,930 (7f308c42eb38) :  CRITICAL (storage:60) - Exception reading file /usr/lib/plexmediaserver/Resources/Plug-ins-c43dc0277/WebClient.bundle/Contents/Info.plist (most recent call last):
  File "/usr/lib/plexmediaserver/Resources/Plug-ins-c43dc0277/Framework.bundle/Contents/Resources/Versions/2/Python/Framework/components/storage.py", line 55, in load
    f = open(filename, mode)
IOError: [Errno 2] No such file or directory: '/usr/lib/plexmediaserver/Resources/Plug-ins-c43dc0277/WebClient.bundle/Contents/Info.plist'

2021-12-18 04:09:54,931 (7f308cb86b38) :  DEBUG (networking:143) - Requesting 'http://127.0.0.1:32400/library/sections'
2021-12-18 04:09:54,936 (7f308c42eb38) :  CRITICAL (bundleservice:141) - Exception adding bundle: WebClient.bundle (most recent call last):
  File "/usr/lib/plexmediaserver/Resources/Plug-ins-c43dc0277/System.bundle/Contents/Code/bundleservice.py", line 126, in update_bundles
    bundle = BundleInfo(self.system, path, plugin)
  File "/usr/lib/plexmediaserver/Resources/Plug-ins-c43dc0277/System.bundle/Contents/Code/bundleservice.py", line 18, in __init__
    self.load_plist()
  File "/usr/lib/plexmediaserver/Resources/Plug-ins-c43dc0277/System.bundle/Contents/Code/bundleservice.py", line 22, in load_plist
    plist = Plist.ObjectFromString(Core.storage.load(Core.storage.join_path(self.path, "Contents", "Info.plist")))
  File "/usr/lib/plexmediaserver/Resources/Plug-ins-c43dc0277/Framework.bundle/Contents/Resources/Versions/2/Python/Framework/api/parsekit.py", line 32, in ObjectFromString
    check_size(string, max_size)
  File "/usr/lib/plexmediaserver/Resources/Plug-ins-c43dc0277/Framework.bundle/Contents/Resources/Versions/2/Python/Framework/api/parsekit.py", line 22, in check_size
    if len(data) > max_size:
TypeError: object of type 'NoneType' has no len()

2021-12-18 04:09:54,950 (7f308c42eb38) :  DEBUG (runtime:1117) - Created a thread named 'ensure_agent_info_exists_inner'
2021-12-18 04:09:54,952 (7f308c4d9b38) :  INFO (agentservice:129) - Agent info: {'com.plexapp.agents.fanarttv': [{'media_types': ['Movie'], 'primary_provider': False, 'fallback_agent': None, 'contributes_to': ['com.plexapp.agents.imdb', 'com.plexapp.agents.themoviedb'], 'has_attribution': True, 'languages': ['xn'], 'persist_stored_files': True, 'version': 0, 'accepts_from': None, 'prefs': True, 'name': 'Fanart.tv'}, {'media_types': ['TV_Show'], 'primary_provider': False, 'fallback_agent': None, 'contributes_to': ['com.plexapp.agents.thetvdb', 'com.plexapp.agents.themoviedb'], 'has_attribution': True, 'languages': ['xn'], 'persist_stored_files': True, 'version': 0, 'accepts_from': None, 'prefs': True, 'name': 'Fanart.tv'}, {'media_types': ['Artist'], 'primary_provider': False, 'fallback_agent': None, 'contributes_to': ['com.plexapp.agents.lastfm'], 'has_attribution': True, 'languages': ['xn'], 'persist_stored_files': True, 'version': 0, 'accepts_from': None, 'prefs': True, 'name': 'Fanart.tv'}, {'media_types': ['Album'], 'primary_provider': False, 'fallback_agent': None, 'contributes_to': ['com.plexapp.agents.lastfm'], 'has_attribution': True, 'languages': ['xn'], 'persist_stored_files': True, 'version': 0, 'accepts_from': None, 'prefs': True, 'name': 'Fanart.tv'}], 'com.plexapp.agents.none': [{'media_types': ['Movie'], 'primary_provider': True, 'fallback_agent': None, 'contributes_to': None, 'has_attribution': False, 'languages': ['xn'], 'persist_stored_files': True, 'version': 0, 'accepts_from': None, 'prefs': False, 'name': 'Personal Media'}, {'media_types': ['TV_Show'], 'primary_provider': True, 'fallback_agent': None, 'contributes_to': None, 'has_attribution': False, 'languages': ['xn'], 'persist_stored_files': True, 'version': 0, 'accepts_from': None, 'prefs': False, 'name': 'Personal Media Shows'}, {'media_types': ['Artist'], 'primary_provider': True, 'fallback_agent': None, 'contributes_to': None, 'has_attribution': False, 'languages': ['xn'], 'persist_stored_files': True, 'version': 0, 'accepts_from': None, 'prefs': False, 'name': 'Personal Media Artists'}, {'media_types': ['Album'], 'primary_provider': True, 'fallback_agent': None, 'contributes_to': None, 'has_attribution': False, 'languages': ['xn'], 'persist_stored_files': True, 'version': 0, 'accepts_from': None, 'prefs': False, 'name': 'Personal Media Albums'}, {'media_types': ['Photo'], 'primary_provider': True, 'fallback_agent': None, 'contributes_to': None, 'has_attribution': False, 'languages': ['en', 'ar', 'bg', 'ca', 'cs', 'cy', 'da', 'de', 'el', 'es', 'et', 'fa', 'fi', 'fr', 'he', 'hi', 'hr', 'ht', 'hu', 'id', 'it', 'ja', 'ko', 'lt', 'lv', 'ms', 'mt', 'nl', 'no', 'pl', 'pt', 'ro', 'ru', 'sk', 'sv', 'sl', 'sr', 'th', 'tr', 'uk', 'ur', 'vi', 'zh', 'xn'], 'persist_stored_files': True, 'version': 0, 'accepts_from': None, 'prefs': False, 'name': 'Photos'}], 'tv.plex.agents.music': [{'media_types': ['Artist'], 'primary_provider': True, 'fallback_agent': None, 'contributes_to': ['com.plexapp.agents.localmedia'], 'has_attribution': True, 'languages': ['en', 'ar', 'bg', 'zh', 'hr', 'cs', 'da', 'nl', 'fi', 'fr', 'de', 'el', 'hu', 'id', 'it', 'ja', 'ko', 'nn', 'pl', 'pt', 'ro', 'ru', 'sr', 'sk', 'es', 'sv', 'th', 'tr', 'vi', 'xx'], 'persist_stored_files': True, 'version': 0, 'accepts_from': None, 'prefs': True, 'name': 'Plex Music'}, {'media_types': ['Album'], 'primary_provider': True, 'fallback_agent': None, 'contributes_to': ['com.plexapp.agents.localmedia'], 'has_attribution': True, 'languages': ['en', 'ar', 'bg', 'zh', 'hr', 'cs', 'da', 'nl', 'fi', 'fr', 'de', 'el', 'hu', 'id', 'it', 'ja', 'ko', 'nn', 'pl', 'pt', 'ro', 'ru', 'sr', 'sk', 'es', 'sv', 'th', 'tr', 'vi', 'xx'], 'persist_stored_files': True, 'version': 0, 'accepts_from': None, 'prefs': True, 'name': 'Plex Music'}], 'com.plexapp.agents.opensubtitles': [{'media_types': ['Movie'], 'primary_provider': False, 'fallback_agent': None, 'contributes_to': ['com.plexapp.agents.imdb'], 'has_attribution': False, 'languages': ['xn'], 'persist_stored_files': True, 'version': 0, 'accepts_from': None, 'prefs': True, 'name': 'OpenSubtitles.org'}, {'media_types': ['TV_Show'], 'primary_provider': False, 'fallback_agent': None, 'contributes_to': ['com.plexapp.agents.thetvdb'], 'has_attribution': False, 'languages': ['xn'], 'persist_stored_files': True, 'version': 0, 'accepts_from': None, 'prefs': True, 'name': 'OpenSubtitles.org'}], 'com.plexapp.agents.imdb': [{'media_types': ['Movie'], 'accepts_from': ['com.plexapp.agents.localmedia'], 'fallback_agent': None, 'contributes_to': ['com.plexapp.agents.themoviedb'], 'has_attribution': True, 'languages': ['en', 'sv', 'fr', 'es', 'nl', 'de', 'it', 'da', 'ar', 'ca', 'zh', 'cs', 'et', 'fi', 'el', 'he', 'hi', 'hu', 'id', 'ja', 'ko', 'lv', 'no', 'fa', 'pl', 'pt', 'ro', 'ru', 'sk', 'th', 'tr', 'uk', 'vi'], 'persist_stored_files': True, 'version': 0, 'primary_provider': True, 'prefs': True, 'name': 'Plex Movie'}], 'com.plexapp.agents.lyricfind': [{'media_types': ['Album'], 'primary_provider': False, 'fallback_agent': None, 'contributes_to': ['com.plexapp.agents.lastfm', 'tv.plex.agents.music', 'org.musicbrainz.agents.music'], 'has_attribution': True, 'languages': ['xn'], 'persist_stored_files': True, 'version': 0, 'accepts_from': None, 'prefs': False, 'name': 'LyricFind'}], 'com.plexapp.agents.thetvdb': [{'media_types': ['TV_Show'], 'primary_provider': True, 'fallback_agent': None, 'contributes_to': None, 'has_attribution': True, 'languages': ['en', 'fr', 'zh', 'sv', 'no', 'da', 'fi', 'nl', 'de', 'it', 'es', 'pl', 'hu', 'el', 'tr', 'ru', 'he', 'ja', 'pt', 'cs', 'ko', 'sl', 'hr'], 'persist_stored_files': True, 'version': 0, 'accepts_from': None, 'prefs': True, 'name': 'TheTVDB'}], 'tv.plex.agents.movie': [{'media_types': ['Movie'], 'primary_provider': True, 'fallback_agent': None, 'contributes_to': None, 'has_attribution': True, 'languages': [], 'persist_stored_files': True, 'version': 0, 'accepts_from': None, 'prefs': True, 'name': 'Plex Movie'}], 'tv.plex.agents.series': [{'media_types': ['TV_Show'], 'primary_provider': True, 'fallback_agent': None, 'contributes_to': None, 'has_attribution': True, 'languages': [], 'persist_stored_files': True, 'version': 0, 'accepts_from': None, 'prefs': True, 'name': 'Plex TV Series'}], 'com.plexapp.agents.plexthememusic': [{'media_types': ['TV_Show'], 'accepts_from': None, 'fallback_agent': None, 'contributes_to': ['com.plexapp.agents.thetvdb', 'com.plexapp.agents.thetvdbdvdorder', 'com.plexapp.agents.themoviedb'], 'has_attribution': False, 'languages': ['xn'], 'persist_stored_files': True, 'version': 0, 'primary_provider': False, 'prefs': False, 'name': 'Plex Theme Music'}], 'org.musicbrainz.agents.music': [{'media_types': ['Artist'], 'primary_provider': True, 'fallback_agent': None, 'contributes_to': None, 'has_attribution': True, 'languages': ['en', 'ar', 'bg', 'zh', 'hr', 'cs', 'da', 'nl', 'fi', 'fr', 'de', 'el', 'hu', 'id', 'it', 'ja', 'ko', 'nn', 'pl', 'pt', 'ro', 'ru', 'sr', 'sk', 'es', 'sv', 'th', 'tr', 'vi', 'xx'], 'persist_stored_files': True, 'version': 0, 'accepts_from': None, 'prefs': True, 'name': 'Musicbrainz'}, {'media_types': ['Album'], 'primary_provider': True, 'fallback_agent': None, 'contributes_to': None, 'has_attribution': True, 'languages': ['en', 'ar', 'bg', 'zh', 'hr', 'cs', 'da', 'nl', 'fi', 'fr', 'de', 'el', 'hu', 'id', 'it', 'ja', 'ko', 'nn', 'pl', 'pt', 'ro', 'ru', 'sr', 'sk', 'es', 'sv', 'th', 'tr', 'vi', 'xx'], 'persist_stored_files': True, 'version': 0, 'accepts_from': None, 'prefs': True, 'name': 'Musicbrainz'}], 'com.plexapp.agents.themoviedb': [{'media_types': ['Movie'], 'primary_provider': True, 'fallback_agent': None, 'contributes_to': None, 'has_attribution': True, 'languages': ['en', 'cs', 'da', 'de', 'el', 'es', 'fi', 'fr', 'he', 'hr', 'hu', 'it', 'lv', 'lt', 'nl', 'no', 'pl', 'pt', 'ru', 'sk', 'sv', 'th', 'tr', 'vi', 'zh', 'ko'], 'persist_stored_files': True, 'version': 0, 'accepts_from': ['com.plexapp.agents.localmedia'], 'prefs': True, 'name': 'The Movie Database'}, {'media_types': ['TV_Show'], 'primary_provider': True, 'fallback_agent': None, 'contributes_to': ['com.plexapp.agents.thetvdb'], 'has_attribution': True, 'languages': ['en', 'cs', 'da', 'de', 'el', 'es', 'fi', 'fr', 'he', 'hr', 'hu', 'it', 'lv', 'lt', 'nl', 'no', 'pl', 'pt', 'ru', 'sk', 'sv', 'th', 'tr', 'vi', 'zh', 'ko'], 'persist_stored_files': True, 'version': 0, 'accepts_from': ['com.plexapp.agents.localmedia', 'com.plexapp.agents.thetvdb'], 'prefs': True, 'name': 'The Movie Database'}], 'com.plexapp.agents.localmedia': [{'media_types': ['Movie'], 'primary_provider': False, 'fallback_agent': None, 'contributes_to': ['com.plexapp.agents.imdb', 'com.plexapp.agents.none'], 'has_attribution': False, 'languages': ['xn'], 'persist_stored_files': False, 'version': 0, 'accepts_from': None, 'prefs': True, 'name': 'Local Media Assets (Movies)'}, {'media_types': ['TV_Show'], 'primary_provider': False, 'fallback_agent': None, 'contributes_to': ['com.plexapp.agents.thetvdb', 'com.plexapp.agents.none'], 'has_attribution': False, 'languages': ['xn'], 'persist_stored_files': False, 'version': 0, 'accepts_from': None, 'prefs': True, 'name': 'Local Media Assets (TV)'}, {'media_types': ['Artist'], 'primary_provider': False, 'fallback_agent': None, 'contributes_to': ['com.plexapp.agents.discogs', 'com.plexapp.agents.lastfm', 'com.plexapp.agents.plexmusic', 'com.plexapp.agents.none', 'tv.plex.agents.music', 'org.musicbrainz.agents.music'], 'has_attribution': False, 'languages': ['xn'], 'persist_stored_files': False, 'version': 0, 'accepts_from': None, 'prefs': True, 'name': 'Local Media Assets (Artists)'}, {'media_types': ['Artist'], 'primary_provider': False, 'fallback_agent': None, 'contributes_to': ['com.plexapp.agents.plexmusic'], 'has_attribution': False, 'languages': ['xn'], 'persist_stored_files': False, 'version': 2, 'accepts_from': None, 'prefs': True, 'name': 'Local Media Assets (Artists)'}, {'media_types': ['Album'], 'primary_provider': False, 'fallback_agent': None, 'contributes_to': ['com.plexapp.agents.discogs', 'com.plexapp.agents.lastfm', 'com.plexapp.agents.plexmusic', 'com.plexapp.agents.none', 'tv.plex.agents.music', 'org.musicbrainz.agents.music'], 'has_attribution': False, 'languages': ['xn'], 'persist_stored_files': False, 'version': 0, 'accepts_from': None, 'prefs': True, 'name': 'Local Media Assets (Albums)'}], 'com.plexapp.agents.movieposterdb': [{'media_types': ['Movie'], 'primary_provider': False, 'fallback_agent': None, 'contributes_to': ['com.plexapp.agents.imdb'], 'has_attribution': True, 'languages': ['xn'], 'persist_stored_files': True, 'version': 0, 'accepts_from': None, 'prefs': False, 'name': 'CineMaterial'}], 'com.plexapp.agents.htbackdrops': [{'media_types': ['Artist'], 'primary_provider': False, 'fallback_agent': None, 'contributes_to': ['com.plexapp.agents.lastfm'], 'has_attribution': True, 'languages': ['ab', 'aa', 'af', 'ak', 'sq', 'am', 'ar', 'an', 'hy', 'as', 'av', 'ae', 'ay', 'az', 'bm', 'ba', 'eu', 'be', 'bn', 'bh', 'bi', 'bs', 'pb', 'br', 'bg', 'my', 'ca', 'ch', 'ce', 'ny', 'zh', 'cu', 'cv', 'kw', 'co', 'cr', 'hr', 'cs', 'da', 'dv', 'nl', 'dz', 'en', 'eo', 'et', 'ee', 'fo', 'fj', 'fi', 'fr', 'fy', 'ff', 'gd', 'gl', 'lg', 'ka', 'de', 'el', 'gn', 'gu', 'ht', 'ha', 'he', 'hz', 'hi', 'ho', 'hu', 'is', 'io', 'ig', 'id', 'ia', 'ie', 'iu', 'ik', 'ga', 'it', 'ja', 'jv', 'kl', 'kn', 'kr', 'ks', 'kk', 'km', 'ki', 'rw', 'ky', 'kv', 'kg', 'ko', 'kj', 'ku', 'lo', 'la', 'lv', 'li', 'ln', 'lt', 'lu', 'lb', 'mk', 'mg', 'ms', 'ml', 'mt', 'gv', 'mi', 'mr', 'mh', 'mo', 'mn', 'na', 'nv', 'ng', 'ne', 'xn', 'nd', 'no', 'nb', 'nn', 'oc', 'oj', 'or', 'om', 'os', 'pi', 'pa', 'fa', 'pl', 'pt', 'ps', 'qu', 'rm', 'ro', 'rn', 'ru', 'se', 'sm', 'sg', 'sa', 'sc', 'sr', 'sn', 'ii', 'sd', 'si', 'sk', 'sl', 'so', 'st', 'nr', 'es', 'su', 'sw', 'ss', 'sv', 'tl', 'ty', 'tg', 'ta', 'tt', 'te', 'th', 'bo', 'ti', 'to', 'ts', 'tn', 'tr', 'tk', 'tw', 'ug', 'uk', 'ur', 'uz', 've', 'vi', 'vo', 'wa', 'cy', 'wo', 'xh', 'yi', 'yo', 'za', 'zu'], 'persist_stored_files': True, 'version': 0, 'accepts_from': None, 'prefs': False, 'name': 'Home Theater Backdrops'}], 'com.plexapp.agents.lastfm': [{'media_types': ['Artist'], 'primary_provider': True, 'fallback_agent': None, 'contributes_to': None, 'has_attribution': True, 'languages': ['en', 'sv', 'fr', 'es', 'de', 'pl', 'it', 'pt', 'ja', 'tr', 'ru', 'zh'], 'persist_stored_files': True, 'version': 0, 'accepts_from': None, 'prefs': True, 'name': 'Last.fm'}, {'media_types': ['Album'], 'primary_provider': True, 'fallback_agent': None, 'contributes_to': None, 'has_attribution': True, 'languages': ['en', 'sv', 'fr', 'es', 'de', 'pl', 'it', 'pt', 'ja', 'tr', 'ru', 'zh'], 'persist_stored_files': True, 'version': 0, 'accepts_from': None, 'prefs': True, 'name': 'Last.fm'}]}
2021-12-18 04:09:54,980 (7f308cb86b38) :  DEBUG (networking:143) - Requesting 'http://127.0.0.1:32400/channels/all'
2021-12-18 04:09:54,979 (7f308c175b38) :  CRITICAL (storage:60) - Exception reading file /usr/lib/plexmediaserver/Resources/Plug-ins-c43dc0277/WebClient.bundle/Contents/Info.plist (most recent call last):
  File "/usr/lib/plexmediaserver/Resources/Plug-ins-c43dc0277/Framework.bundle/Contents/Resources/Versions/2/Python/Framework/components/storage.py", line 55, in load
    f = open(filename, mode)
IOError: [Errno 2] No such file or directory: '/usr/lib/plexmediaserver/Resources/Plug-ins-c43dc0277/WebClient.bundle/Contents/Info.plist'

2021-12-18 04:09:55,004 (7f308c175b38) :  CRITICAL (bundleservice:141) - Exception adding bundle: WebClient.bundle (most recent call last):
  File "/usr/lib/plexmediaserver/Resources/Plug-ins-c43dc0277/System.bundle/Contents/Code/bundleservice.py", line 126, in update_bundles
    bundle = BundleInfo(self.system, path, plugin)
  File "/usr/lib/plexmediaserver/Resources/Plug-ins-c43dc0277/System.bundle/Contents/Code/bundleservice.py", line 18, in __init__
    self.load_plist()
  File "/usr/lib/plexmediaserver/Resources/Plug-ins-c43dc0277/System.bundle/Contents/Code/bundleservice.py", line 22, in load_plist
    plist = Plist.ObjectFromString(Core.storage.load(Core.storage.join_path(self.path, "Contents", "Info.plist")))
  File "/usr/lib/plexmediaserver/Resources/Plug-ins-c43dc0277/Framework.bundle/Contents/Resources/Versions/2/Python/Framework/api/parsekit.py", line 32, in ObjectFromString
    check_size(string, max_size)
  File "/usr/lib/plexmediaserver/Resources/Plug-ins-c43dc0277/Framework.bundle/Contents/Resources/Versions/2/Python/Framework/api/parsekit.py", line 22, in check_size
    if len(data) > max_size:
TypeError: object of type 'NoneType' has no len()

2021-12-18 04:09:55,012 (7f308c175b38) :  DEBUG (runtime:1117) - Created a thread named 'ensure_agent_info_exists_inner'
2021-12-18 04:09:55,019 (7f308cb86b38) :  DEBUG (runtime:1117) - Created a thread named 'background_refresh'
2021-12-18 04:09:55,019 (7f308cba9b38) :  DEBUG (peerservice:176) - Background-refreshing remote servers
2021-12-18 04:09:55,024 (7f308cba9b38) :  DEBUG (peerservice:189) - Updating servers (True/False True/True/True)
2021-12-18 04:09:55,027 (7f308cba9b38) :  DEBUG (peerservice:198) - Found 1 servers
2021-12-18 04:09:55,029 (7f308c4d9b38) :  INFO (datakit:131) - Saved the dictionary file
2021-12-18 04:09:55,030 (7f308cba9b38) :  DEBUG (peerservice:233) - Updating existing server 7141c15ca3c5 (60630771a5d0018f3381e1622e019e58a1c14b9f)
2021-12-18 04:09:55,060 (7f308cba9b38) :  DEBUG (networking:143) - Requesting 'http://127.0.0.1:32400/library/sections'
2021-12-18 04:09:55,083 (7f308c198b38) :  DEBUG (runtime:814) - Found route matching /:/plugins/com.plexapp.system/messaging/function/X0J1bmRsZVNlcnZpY2U6QWxsU2VydmljZXM_/Y2VyZWFsMQoxCmxpc3QKMApyMAo_/Y2VyZWFsMQoxCmRpY3QKMApyMAo_
2021-12-18 04:09:55,093 (7f308c198b38) :  DEBUG (runtime:88) - Sending packed state data (99 bytes)
2021-12-18 04:09:55,104 (7f308c198b38) :  DEBUG (runtime:924) - Response: [200] str, 516 bytes
2021-12-18 04:09:55,106 (7f308c42eb38) :  DEBUG (runtime:924) - Response: [200] MediaContainer, 11288 bytes
2021-12-18 04:09:55,109 (7f308cba9b38) :  DEBUG (networking:143) - Requesting 'http://127.0.0.1:32400/channels/all'
2021-12-18 04:09:55,119 (7f308ce06b38) :  DEBUG (services:362) - Loaded services
2021-12-18 04:09:55,132 (7f308cde3b38) :  DEBUG (services:438) - No shared code to load
2021-12-18 04:09:56,243 (7f308ce06b38) :  DEBUG (runtime:717) - Handling request GET /system/messaging/clear_events/com.plexapp.agents.imdb
2021-12-18 04:09:56,352 (7f308ce06b38) :  DEBUG (runtime:814) - Found route matching /system/messaging/clear_events/com.plexapp.agents.imdb
2021-12-18 04:09:56,374 (7f308ce06b38) :  DEBUG (runtime:88) - Sending packed state data (99 bytes)
2021-12-18 04:09:56,376 (7f308ce06b38) :  DEBUG (runtime:924) - Response: [200] str, 0 bytes
2021-12-18 04:09:56,799 (7f308ce06b38) :  DEBUG (runtime:717) - Handling request GET /:/plugins/com.plexapp.system/resourceHashes
2021-12-18 04:09:56,802 (7f308ce06b38) :  DEBUG (runtime:814) - Found route matching /:/plugins/com.plexapp.system/resourceHashes
2021-12-18 04:09:56,818 (7f308ce06b38) :  DEBUG (networking:143) - Requesting 'http://resources-cdn.plexapp.com/hashes.json'
2021-12-18 04:09:57,077 (7f308ce06b38) :  DEBUG (runtime:88) - Sending packed state data (99 bytes)
2021-12-18 04:09:57,078 (7f308ce06b38) :  DEBUG (runtime:924) - Response: [200] str, 13276 bytes
2021-12-18 04:09:57,161 (7f308ce06b38) :  DEBUG (runtime:717) - Handling request GET /:/plugins/com.plexapp.system/messaging/function/X0J1bmRsZVNlcnZpY2U6QWxsU2VydmljZXM_/Y2VyZWFsMQoxCmxpc3QKMApyMAo_/Y2VyZWFsMQoxCmRpY3QKMApyMAo_
2021-12-18 04:09:57,163 (7f308ce06b38) :  DEBUG (runtime:49) - Received packed state data (80 bytes)
2021-12-18 04:09:57,165 (7f308ce06b38) :  DEBUG (runtime:814) - Found route matching /:/plugins/com.plexapp.system/messaging/function/X0J1bmRsZVNlcnZpY2U6QWxsU2VydmljZXM_/Y2VyZWFsMQoxCmxpc3QKMApyMAo_/Y2VyZWFsMQoxCmRpY3QKMApyMAo_
2021-12-18 04:09:57,167 (7f308ce06b38) :  DEBUG (runtime:88) - Sending packed state data (99 bytes)
2021-12-18 04:09:57,167 (7f308ce06b38) :  DEBUG (runtime:924) - Response: [200] str, 516 bytes
2021-12-18 04:09:58,236 (7f308ce06b38) :  DEBUG (runtime:717) - Handling request GET /:/plugins/com.plexapp.system/messaging/function/X0FnZW50U2VydmljZTpVcGRhdGVJbmZv/Y2VyZWFsMQoxCmxpc3QKMApyMAo_/Y2VyZWFsMQo3CmRpY3QKbGlzdApkaWN0Cmxpc3QKbGlzdApsaXN0Cmxpc3QKMgpzMjMKY29tLnBsZXhhcHAuYWdlbnRzLmltZGJzMTAKaWRlbnRpZmllcnIxCnMxMAphZ2VudF9pbmZvMQpyMgoxMApyMwpzMTEKbWVkaWFfdHlwZXNyNApzMTIKYWNjZXB0c19mcm9tbnMxNApmYWxsYmFja19hZ2VudHI1CnMxNApjb250cmlidXRlc190b3I2CnM5Cmxhbmd1YWdlc2IxczIwCnBlcnNpc3Rfc3RvcmVkX2ZpbGVzaTAKczcKdmVyc2lvbmIxczE2CnByaW1hcnlfcHJvdmlkZXJiMXM1CnByZWZzczEwClBsZXggTW92aWVzNApuYW1lMQpzNQpNb3ZpZTEKczI5CmNvbS5wbGV4YXBwLmFnZW50cy5sb2NhbG1lZGlhMQpzMjkKY29tLnBsZXhhcHAuYWdlbnRzLnRoZW1vdmllZGIzMwpzMgplbnMyCnN2czIKZnJzMgplc3MyCm5sczIKZGVzMgppdHMyCmRhczIKYXJzMgpjYXMyCnpoczIKY3NzMgpldHMyCmZpczIKZWxzMgpoZXMyCmhpczIKaHVzMgppZHMyCmphczIKa29zMgpsdnMyCm5vczIKZmFzMgpwbHMyCnB0czIKcm9zMgpydXMyCnNrczIKdGhzMgp0cnMyCnVrczIKdmlyMAo_
2021-12-18 04:09:58,238 (7f308ce06b38) :  DEBUG (runtime:49) - Received packed state data (80 bytes)
2021-12-18 04:09:58,239 (7f308ce06b38) :  DEBUG (runtime:814) - Found route matching /:/plugins/com.plexapp.system/messaging/function/X0FnZW50U2VydmljZTpVcGRhdGVJbmZv/Y2VyZWFsMQoxCmxpc3QKMApyMAo_/Y2VyZWFsMQo3CmRpY3QKbGlzdApkaWN0Cmxpc3QKbGlzdApsaXN0Cmxpc3QKMgpzMjMKY29tLnBsZXhhcHAuYWdlbnRzLmltZGJzMTAKaWRlbnRpZmllcnIxCnMxMAphZ2VudF9pbmZvMQpyMgoxMApyMwpzMTEKbWVkaWFfdHlwZXNyNApzMTIKYWNjZXB0c19mcm9tbnMxNApmYWxsYmFja19hZ2VudHI1CnMxNApjb250cmlidXRlc190b3I2CnM5Cmxhbmd1YWdlc2IxczIwCnBlcnNpc3Rfc3RvcmVkX2ZpbGVzaTAKczcKdmVyc2lvbmIxczE2CnByaW1hcnlfcHJvdmlkZXJiMXM1CnByZWZzczEwClBsZXggTW92aWVzNApuYW1lMQpzNQpNb3ZpZTEKczI5CmNvbS5wbGV4YXBwLmFnZW50cy5sb2NhbG1lZGlhMQpzMjkKY29tLnBsZXhhcHAuYWdlbnRzLnRoZW1vdmllZGIzMwpzMgplbnMyCnN2czIKZnJzMgplc3MyCm5sczIKZGVzMgppdHMyCmRhczIKYXJzMgpjYXMyCnpoczIKY3NzMgpldHMyCmZpczIKZWxzMgpoZXMyCmhpczIKaHVzMgppZHMyCmphczIKa29zMgpsdnMyCm5vczIKZmFzMgpwbHMyCnB0czIKcm9zMgpydXMyCnNrczIKdGhzMgp0cnMyCnVrczIKdmlyMAo_
2021-12-18 04:09:58,240 (7f308ce06b38) :  INFO (agentservice:175) - Receiving agent info from com.plexapp.agents.imdb: [{'media_types': ['Movie'], 'primary_provider': True, 'fallback_agent': None, 'contributes_to': ['com.plexapp.agents.themoviedb'], 'languages': ['en', 'sv', 'fr', 'es', 'nl', 'de', 'it', 'da', 'ar', 'ca', 'zh', 'cs', 'et', 'fi', 'el', 'he', 'hi', 'hu', 'id', 'ja', 'ko', 'lv', 'no', 'fa', 'pl', 'pt', 'ro', 'ru', 'sk', 'th', 'tr', 'uk', 'vi'], 'persist_stored_files': True, 'version': 0, 'accepts_from': ['com.plexapp.agents.localmedia'], 'prefs': True, 'name': 'Plex Movie'}]
2021-12-18 04:09:58,241 (7f308ce06b38) :  DEBUG (runtime:88) - Sending packed state data (99 bytes)
2021-12-18 04:09:58,241 (7f308ce06b38) :  DEBUG (runtime:924) - Response: [200] str, 16 bytes
2021-12-18 04:09:59,695 (7f308ce06b38) :  DEBUG (runtime:717) - Handling request GET /system/notify/serverUpdated?host=127.0.0.1
2021-12-18 04:09:59,696 (7f308ce06b38) :  DEBUG (runtime:814) - Found route matching /system/notify/serverUpdated
2021-12-18 04:09:59,697 (7f308ce06b38) :  DEBUG (peerservice:386) - Handling server update notification (127.0.0.1)
2021-12-18 04:09:59,697 (7f308ce06b38) :  DEBUG (peerservice:189) - Updating servers (True/False True/True/True)
2021-12-18 04:09:59,698 (7f308ce06b38) :  DEBUG (peerservice:164) - Fetching the current list of servers
2021-12-18 04:09:59,706 (7f308ce06b38) :  DEBUG (networking:143) - Requesting 'http://127.0.0.1:32400/servers'
2021-12-18 04:09:59,712 (7f308ce06b38) :  DEBUG (peerservice:198) - Found 1 servers
2021-12-18 04:09:59,713 (7f308ce06b38) :  DEBUG (peerservice:214) - Ignoring 60630771a5d0018f3381e1622e019e58a1c14b9f because host != 127.0.0.1 (172.20.0.2)
2021-12-18 04:09:59,725 (7f308ce06b38) :  DEBUG (networking:143) - Requesting 'http://127.0.0.1:32400/library/sections'
2021-12-18 04:09:59,740 (7f308ce06b38) :  DEBUG (networking:143) - Requesting 'http://127.0.0.1:32400/channels/all'
2021-12-18 04:09:59,746 (7f308ce06b38) :  DEBUG (runtime:924) - Response: [200] str, 0 bytes
2021-12-18 04:10:00,055 (7f308cb86b38) :  INFO (datakit:131) - Saved the dictionary file
2021-12-18 04:11:54,631 (7f308cb63b38) :  DEBUG (runtime:1156) - Starting timed thread named 'refresh_servers'
2021-12-18 04:11:54,632 (7f308cb63b38) :  DEBUG (peerservice:164) - Fetching the current list of servers
2021-12-18 04:11:54,645 (7f308cb63b38) :  DEBUG (networking:143) - Requesting 'http://127.0.0.1:32400/servers'
2021-12-18 04:11:54,654 (7f308cb63b38) :  DEBUG (peerservice:171) - Refreshing local server
2021-12-18 04:11:54,655 (7f308cb63b38) :  DEBUG (peerservice:189) - Updating servers (True/False True/True/True)
2021-12-18 04:11:54,656 (7f308cb63b38) :  DEBUG (peerservice:198) - Found 1 servers
2021-12-18 04:11:54,657 (7f308cb63b38) :  DEBUG (peerservice:233) - Updating existing server 7141c15ca3c5 (60630771a5d0018f3381e1622e019e58a1c14b9f)
2021-12-18 04:11:54,672 (7f308cb63b38) :  DEBUG (networking:143) - Requesting 'http://127.0.0.1:32400/library/sections'
2021-12-18 04:11:54,693 (7f308cb63b38) :  DEBUG (networking:143) - Requesting 'http://127.0.0.1:32400/channels/all'
2021-12-18 04:11:54,699 (7f308ce02b38) :  DEBUG (peerservice:176) - Background-refreshing remote servers
2021-12-18 04:11:54,700 (7f308cb63b38) :  DEBUG (runtime:1117) - Created a thread named 'background_refresh'
2021-12-18 04:11:54,701 (7f308ce02b38) :  DEBUG (peerservice:189) - Updating servers (True/False True/True/True)
2021-12-18 04:11:54,703 (7f308ce02b38) :  DEBUG (peerservice:198) - Found 1 servers
2021-12-18 04:11:54,704 (7f308ce02b38) :  DEBUG (peerservice:233) - Updating existing server 7141c15ca3c5 (60630771a5d0018f3381e1622e019e58a1c14b9f)
2021-12-18 04:11:54,715 (7f308ce02b38) :  DEBUG (networking:143) - Requesting 'http://127.0.0.1:32400/library/sections'
2021-12-18 04:11:54,740 (7f308ce02b38) :  DEBUG (networking:143) - Requesting 'http://127.0.0.1:32400/channels/all'
